<?xml version="1.0" encoding="UTF-8"?>
<testng-results skipped="0" failed="0" ignored="0" total="1" passed="1">
  <reporter-output>
  </reporter-output>
  <suite name="Suite" duration-ms="49535" started-at="2021-06-05T14:53:37Z" finished-at="2021-06-05T14:54:26Z">
    <groups>
    </groups>
    <test name="Test" duration-ms="49535" started-at="2021-06-05T14:53:37Z" finished-at="2021-06-05T14:54:26Z">
      <class name="P1.first">
        <test-method status="PASS" signature="before(java.lang.String)[pri:0, instance:P1.first@5dd6264]" name="before" is-config="true" duration-ms="32307" started-at="2021-06-05T14:53:37Z" finished-at="2021-06-05T14:54:09Z">
          <params>
            <param index="0">
              <value>
                <![CDATA[firefox]]>
              </value>
            </param>
          </params>
          <reporter-output>
          </reporter-output>
        </test-method> <!-- before -->
        <test-method status="PASS" signature="facebook()[pri:0, instance:P1.first@5dd6264]" name="facebook" duration-ms="12621" started-at="2021-06-05T14:54:09Z" finished-at="2021-06-05T14:54:22Z">
          <reporter-output>
          </reporter-output>
        </test-method> <!-- facebook -->
        <test-method status="PASS" signature="after()[pri:0, instance:P1.first@5dd6264]" name="after" is-config="true" duration-ms="4490" started-at="2021-06-05T14:54:22Z" finished-at="2021-06-05T14:54:26Z">
          <reporter-output>
          </reporter-output>
        </test-method> <!-- after -->
      </class> <!-- P1.first -->
    </test> <!-- Test -->
  </suite> <!-- Suite -->
</testng-results>
